<?xml version="1.0" encoding="UTF-8"?>
<!-- Generated by org.testng.reporters.JUnitReportReporter -->
<testsuite skipped="1" hostname="KAVYA" name="mySel.TestngBAse" tests="2" failures="0" timestamp="2022-01-13T19:56:47 IST" time="71.370" errors="0">
  <testcase name="WomenCatlogTest" time="71.370" classname="mySel.TestngBAse"/>
  <system-out/>
  <testcase name="signIn" classname="mySel.TestngBAse">
    <skipped/>
  </testcase> <!-- signIn -->
  <system-out/>
</testsuite> <!-- mySel.TestngBAse -->
